<?xml version="1.0" encoding="UTF-8"?>
<!-- Generated by org.testng.reporters.JUnitXMLReporter -->
<testsuite ignored="2" hostname="DESKTOP-G7UGTMV" failures="0" tests="3" name="LoginTests" time="55.139" errors="0" timestamp="2024-12-08T17:31:01 CST">
  <testcase classname="jpetstore.JpetstoreTestingpage" name="jpetstoretestingpage" time="18.634"/>
  <testcase classname="jpetstore.Jpetstoretestinghomepage" name="jpetstoretestinghomepage" time="32.867"/>
  <testcase classname="jpetstore.JpetstoreTestcartpage" name="jpetstoretestcartpage" time="3.576"/>
  <testcase classname="jpetstore.JpetstoreBaseclass" name="@BeforeSuite setup" time="0.0">
    <ignored/>
  </testcase> <!-- @BeforeSuite setup -->
  <testcase classname="jpetstore.JpetstoreBaseclass" name="@BeforeSuite setup" time="0.0">
    <ignored/>
  </testcase> <!-- @BeforeSuite setup -->
</testsuite> <!-- LoginTests -->
