<?xml version="1.0" encoding="UTF-8"?>
<testng-results ignored="2" total="5" passed="3" failed="0" skipped="0">
  <reporter-output>
  </reporter-output>
  <suite started-at="2024-12-08T17:30:06 CST" name="JPetStoreTestSuite" finished-at="2024-12-08T17:31:01 CST" duration-ms="55139">
    <groups>
    </groups>
    <test started-at="2024-12-08T17:30:06 CST" name="LoginTests" finished-at="2024-12-08T17:31:01 CST" duration-ms="55139">
      <class name="jpetstore.JpetstoreTestingpage">
        <test-method is-config="true" signature="setup()[pri:0, instance:jpetstore.JpetstoreTestingpage@74d1dc36]" started-at="2024-12-08T17:29:59 CST" name="setup" finished-at="2024-12-08T17:30:06 CST" duration-ms="7165" status="PASS">
          <reporter-output>
          </reporter-output>
        </test-method> <!-- setup -->
        <test-method signature="jpetstoretestingpage()[pri:1, instance:jpetstore.JpetstoreTestingpage@74d1dc36]" started-at="2024-12-08T17:30:06 CST" name="jpetstoretestingpage" finished-at="2024-12-08T17:30:25 CST" duration-ms="18634" status="PASS">
          <reporter-output>
          </reporter-output>
        </test-method> <!-- jpetstoretestingpage -->
      </class> <!-- jpetstore.JpetstoreTestingpage -->
      <class name="jpetstore.JpetstoreTestcartpage">
        <test-method signature="jpetstoretestcartpage()[pri:0, instance:jpetstore.JpetstoreTestcartpage@3a7442c7]" started-at="2024-12-08T17:30:58 CST" name="jpetstoretestcartpage" finished-at="2024-12-08T17:31:01 CST" duration-ms="3576" status="PASS">
          <reporter-output>
          </reporter-output>
        </test-method> <!-- jpetstoretestcartpage -->
      </class> <!-- jpetstore.JpetstoreTestcartpage -->
      <class name="jpetstore.Jpetstoretestinghomepage">
        <test-method signature="jpetstoretestinghomepage()[pri:0, instance:jpetstore.Jpetstoretestinghomepage@6bbe85a8]" started-at="2024-12-08T17:30:25 CST" name="jpetstoretestinghomepage" finished-at="2024-12-08T17:30:58 CST" duration-ms="32867" status="PASS">
          <reporter-output>
          </reporter-output>
        </test-method> <!-- jpetstoretestinghomepage -->
      </class> <!-- jpetstore.Jpetstoretestinghomepage -->
    </test> <!-- LoginTests -->
  </suite> <!-- JPetStoreTestSuite -->
</testng-results>
